# JRE version: OpenJDK Runtime Environment (21.0.10) (build 21.0.10+-14961533-b1163.108)
# Java VM: OpenJDK 64-Bit Server VM (21.0.10+-14961533-b1163.108, mixed mode, tiered, compressed oops, compressed class ptrs, g1 gc, windows-amd64)
GC Precious Log:
 CardTable entry size: 512
 Card Set container configuration: InlinePtr #cards 4 size 8 Array Of Cards #cards 16 size 48 Howl #buckets 8 coarsen threshold 3686 Howl Bitmap #cards 512 size 80 coarsen threshold 460 Card regions per heap region 1 cards per card region 4096
 CPUs: 4 total, 4 available
 Memory: 16292M
 Large Page Support: Disabled
 NUMA Support: Disabled
 Compressed Oops: Enabled (Zero based)
 Heap Region Size: 2M
 Heap Min Capacity: 8M
 Heap Initial Capacity: 256M
 Heap Max Capacity: 4G
 Pre-touch: Disabled
 Parallel Workers: 4
 Concurrent Workers: 1
 Concurrent Refinement Workers: 4
 Periodic GC: Disabled
Heap:
 garbage-first heap   total 800768K, used 719256K [0x0000000700000000, 0x0000000800000000)
  region size 2048K, 235 young (481280K), 29 survivors (59392K)
 Metaspace       used 208483K, committed 211200K, reserved 1048576K
  class space    used 28451K, committed 29760K, reserved 851968K
GC Heap History (20 events):
Event: 833.152 GC heap after
{Heap after GC invocations=82 (full 0):
 garbage-first heap   total 792576K, used 229175K [0x0000000700000000, 0x0000000800000000)
  region size 2048K, 15 young (30720K), 15 survivors (30720K)
 Metaspace       used 177093K, committed 179776K, reserved 1048576K
  class space    used 24816K, committed 26112K, reserved 851968K
}
Event: 1053.125 GC heap before
{Heap before GC invocations=83 (full 0):
 garbage-first heap   total 765952K, used 655159K [0x0000000700000000, 0x0000000800000000)
  region size 2048K, 224 young (458752K), 15 survivors (30720K)
 Metaspace       used 176826K, committed 179648K, reserved 1048576K
  class space    used 24794K, committed 26112K, reserved 851968K
}
Event: 1053.148 GC heap after
{Heap after GC invocations=84 (full 0):
 garbage-first heap   total 765952K, used 228151K [0x0000000700000000, 0x0000000800000000)
  region size 2048K, 15 young (30720K), 15 survivors (30720K)
 Metaspace       used 176826K, committed 179648K, reserved 1048576K
  class space    used 24794K, committed 26112K, reserved 851968K
}
Event: 1273.122 GC heap before
{Heap before GC invocations=84 (full 0):
 garbage-first heap   total 765952K, used 656183K [0x0000000700000000, 0x0000000800000000)
  region size 2048K, 224 young (458752K), 15 survivors (30720K)
 Metaspace       used 176834K, committed 179648K, reserved 1048576K
  class space    used 24794K, committed 26112K, reserved 851968K
}
Event: 1273.145 GC heap after
{Heap after GC invocations=85 (full 0):
 garbage-first heap   total 765952K, used 224349K [0x0000000700000000, 0x0000000800000000)
  region size 2048K, 15 young (30720K), 15 survivors (30720K)
 Metaspace       used 176834K, committed 179648K, reserved 1048576K
  class space    used 24794K, committed 26112K, reserved 851968K
}
Event: 1398.770 GC heap before
{Heap before GC invocations=85 (full 0):
 garbage-first heap   total 765952K, used 650333K [0x0000000700000000, 0x0000000800000000)
  region size 2048K, 224 young (458752K), 15 survivors (30720K)
 Metaspace       used 177487K, committed 180160K, reserved 1048576K
  class space    used 24801K, committed 26112K, reserved 851968K
}
Event: 1398.812 GC heap after
{Heap after GC invocations=86 (full 0):
 garbage-first heap   total 765952K, used 234973K [0x0000000700000000, 0x0000000800000000)
  region size 2048K, 20 young (40960K), 20 survivors (40960K)
 Metaspace       used 177487K, committed 180160K, reserved 1048576K
  class space    used 24801K, committed 26112K, reserved 851968K
}
Event: 1406.463 GC heap before
{Heap before GC invocations=87 (full 0):
 garbage-first heap   total 765952K, used 665053K [0x0000000700000000, 0x0000000800000000)
  region size 2048K, 224 young (458752K), 20 survivors (40960K)
 Metaspace       used 178304K, committed 180992K, reserved 1048576K
  class space    used 24824K, committed 26112K, reserved 851968K
}
Event: 1406.506 GC heap after
{Heap after GC invocations=88 (full 0):
 garbage-first heap   total 765952K, used 256768K [0x0000000700000000, 0x0000000800000000)
  region size 2048K, 22 young (45056K), 22 survivors (45056K)
 Metaspace       used 178304K, committed 180992K, reserved 1048576K
  class space    used 24824K, committed 26112K, reserved 851968K
}
Event: 1410.186 GC heap before
{Heap before GC invocations=88 (full 0):
 garbage-first heap   total 765952K, used 680704K [0x0000000700000000, 0x0000000800000000)
  region size 2048K, 224 young (458752K), 22 survivors (45056K)
 Metaspace       used 193900K, committed 196544K, reserved 1048576K
  class space    used 26832K, committed 28096K, reserved 851968K
}
Event: 1410.223 GC heap after
{Heap after GC invocations=89 (full 0):
 garbage-first heap   total 765952K, used 264859K [0x0000000700000000, 0x0000000800000000)
  region size 2048K, 18 young (36864K), 18 survivors (36864K)
 Metaspace       used 193900K, committed 196544K, reserved 1048576K
  class space    used 26832K, committed 28096K, reserved 851968K
}
Event: 1410.259 GC heap before
{Heap before GC invocations=89 (full 0):
 garbage-first heap   total 765952K, used 266907K [0x0000000700000000, 0x0000000800000000)
  region size 2048K, 21 young (43008K), 18 survivors (36864K)
 Metaspace       used 193904K, committed 196608K, reserved 1048576K
  class space    used 26833K, committed 28160K, reserved 851968K
}
Event: 1410.278 GC heap after
{Heap after GC invocations=90 (full 0):
 garbage-first heap   total 765952K, used 254683K [0x0000000700000000, 0x0000000800000000)
  region size 2048K, 10 young (20480K), 10 survivors (20480K)
 Metaspace       used 193904K, committed 196608K, reserved 1048576K
  class space    used 26833K, committed 28160K, reserved 851968K
}
Event: 1483.130 GC heap before
{Heap before GC invocations=91 (full 0):
 garbage-first heap   total 765952K, used 762587K [0x0000000700000000, 0x0000000800000000)
  region size 2048K, 223 young (456704K), 10 survivors (20480K)
 Metaspace       used 194839K, committed 197568K, reserved 1048576K
  class space    used 26850K, committed 28160K, reserved 851968K
}
Event: 1483.156 GC heap after
{Heap after GC invocations=92 (full 0):
 garbage-first heap   total 784384K, used 251611K [0x0000000700000000, 0x0000000800000000)
  region size 2048K, 9 young (18432K), 9 survivors (18432K)
 Metaspace       used 194839K, committed 197568K, reserved 1048576K
  class space    used 26850K, committed 28160K, reserved 851968K
}
Event: 1650.810 GC heap before
{Heap before GC invocations=92 (full 0):
 garbage-first heap   total 784384K, used 700123K [0x0000000700000000, 0x0000000800000000)
  region size 2048K, 229 young (468992K), 9 survivors (18432K)
 Metaspace       used 194925K, committed 197632K, reserved 1048576K
  class space    used 26851K, committed 28160K, reserved 851968K
}
Event: 1650.835 GC heap after
{Heap after GC invocations=93 (full 0):
 garbage-first heap   total 784384K, used 249240K [0x0000000700000000, 0x0000000800000000)
  region size 2048K, 11 young (22528K), 11 survivors (22528K)
 Metaspace       used 194925K, committed 197632K, reserved 1048576K
  class space    used 26851K, committed 28160K, reserved 851968K
}
Event: 1656.142 GC heap before
{Heap before GC invocations=93 (full 0):
 garbage-first heap   total 784384K, used 599448K [0x0000000700000000, 0x0000000800000000)
  region size 2048K, 183 young (374784K), 11 survivors (22528K)
 Metaspace       used 195372K, committed 198016K, reserved 1048576K
  class space    used 26865K, committed 28160K, reserved 851968K
}
Event: 1656.179 GC heap after
{Heap after GC invocations=94 (full 0):
 garbage-first heap   total 784384K, used 272792K [0x0000000700000000, 0x0000000800000000)
  region size 2048K, 23 young (47104K), 23 survivors (47104K)
 Metaspace       used 195372K, committed 198016K, reserved 1048576K
  class space    used 26865K, committed 28160K, reserved 851968K
}
Event: 1659.159 GC heap before
{Heap before GC invocations=95 (full 0):
 garbage-first heap   total 784384K, used 717208K [0x0000000700000000, 0x0000000800000000)
  region size 2048K, 229 young (468992K), 23 survivors (47104K)
 Metaspace       used 208483K, committed 211200K, reserved 1048576K
  class space    used 28451K, committed 29760K, reserved 851968K
}

