# JRE version: OpenJDK Runtime Environment (21.0.10) (build 21.0.10+-14961533-b1163.108)
# Java VM: OpenJDK 64-Bit Server VM (21.0.10+-14961533-b1163.108, mixed mode, tiered, compressed oops, compressed class ptrs, g1 gc, windows-amd64)
GC Precious Log:
 CardTable entry size: 512
 Card Set container configuration: InlinePtr #cards 4 size 8 Array Of Cards #cards 16 size 48 Howl #buckets 8 coarsen threshold 3686 Howl Bitmap #cards 512 size 80 coarsen threshold 460 Card regions per heap region 1 cards per card region 4096
 CPUs: 4 total, 4 available
 Memory: 16292M
 Large Page Support: Disabled
 NUMA Support: Disabled
 Compressed Oops: Enabled (Zero based)
 Heap Region Size: 2M
 Heap Min Capacity: 8M
 Heap Initial Capacity: 256M
 Heap Max Capacity: 4G
 Pre-touch: Disabled
 Parallel Workers: 4
 Concurrent Workers: 1
 Concurrent Refinement Workers: 4
 Periodic GC: Disabled
Heap:
 garbage-first heap   total 626688K, used 177129K [0x0000000700000000, 0x0000000800000000)
  region size 2048K, 8 young (16384K), 8 survivors (16384K)
 Metaspace       used 133889K, committed 136384K, reserved 983040K
  class space    used 18459K, committed 19648K, reserved 851968K
GC Heap History (20 events):
Event: 34.954 GC heap after
{Heap after GC invocations=55 (full 0):
 garbage-first heap   total 520192K, used 233472K [0x0000000700000000, 0x0000000800000000)
  region size 2048K, 10 young (20480K), 10 survivors (20480K)
 Metaspace       used 129766K, committed 132224K, reserved 983040K
  class space    used 17949K, committed 19136K, reserved 851968K
}
Event: 35.566 GC heap before
{Heap before GC invocations=55 (full 0):
 garbage-first heap   total 520192K, used 450560K [0x0000000700000000, 0x0000000800000000)
  region size 2048K, 116 young (237568K), 10 survivors (20480K)
 Metaspace       used 131164K, committed 133568K, reserved 983040K
  class space    used 18096K, committed 19264K, reserved 851968K
}
Event: 35.571 GC heap after
{Heap after GC invocations=56 (full 0):
 garbage-first heap   total 520192K, used 223232K [0x0000000700000000, 0x0000000800000000)
  region size 2048K, 3 young (6144K), 3 survivors (6144K)
 Metaspace       used 131164K, committed 133568K, reserved 983040K
  class space    used 18096K, committed 19264K, reserved 851968K
}
Event: 35.920 GC heap before
{Heap before GC invocations=56 (full 0):
 garbage-first heap   total 520192K, used 428032K [0x0000000700000000, 0x0000000800000000)
  region size 2048K, 119 young (243712K), 3 survivors (6144K)
 Metaspace       used 131167K, committed 133568K, reserved 983040K
  class space    used 18096K, committed 19264K, reserved 851968K
}
Event: 35.927 GC heap after
{Heap after GC invocations=57 (full 0):
 garbage-first heap   total 626688K, used 192104K [0x0000000700000000, 0x0000000800000000)
  region size 2048K, 3 young (6144K), 3 survivors (6144K)
 Metaspace       used 131167K, committed 133568K, reserved 983040K
  class space    used 18096K, committed 19264K, reserved 851968K
}
Event: 36.908 GC heap before
{Heap before GC invocations=58 (full 0):
 garbage-first heap   total 626688K, used 558696K [0x0000000700000000, 0x0000000800000000)
  region size 2048K, 183 young (374784K), 3 survivors (6144K)
 Metaspace       used 133442K, committed 135872K, reserved 983040K
  class space    used 18397K, committed 19584K, reserved 851968K
}
Event: 36.917 GC heap after
{Heap after GC invocations=59 (full 0):
 garbage-first heap   total 626688K, used 197179K [0x0000000700000000, 0x0000000800000000)
  region size 2048K, 6 young (12288K), 6 survivors (12288K)
 Metaspace       used 133442K, committed 135872K, reserved 983040K
  class space    used 18397K, committed 19584K, reserved 851968K
}
Event: 37.378 GC heap before
{Heap before GC invocations=59 (full 0):
 garbage-first heap   total 626688K, used 559675K [0x0000000700000000, 0x0000000800000000)
  region size 2048K, 183 young (374784K), 6 survivors (12288K)
 Metaspace       used 133531K, committed 136000K, reserved 983040K
  class space    used 18409K, committed 19584K, reserved 851968K
}
Event: 37.388 GC heap after
{Heap after GC invocations=60 (full 0):
 garbage-first heap   total 626688K, used 186824K [0x0000000700000000, 0x0000000800000000)
  region size 2048K, 6 young (12288K), 6 survivors (12288K)
 Metaspace       used 133531K, committed 136000K, reserved 983040K
  class space    used 18409K, committed 19584K, reserved 851968K
}
Event: 37.741 GC heap before
{Heap before GC invocations=60 (full 0):
 garbage-first heap   total 626688K, used 549320K [0x0000000700000000, 0x0000000800000000)
  region size 2048K, 183 young (374784K), 6 survivors (12288K)
 Metaspace       used 133531K, committed 136000K, reserved 983040K
  class space    used 18409K, committed 19584K, reserved 851968K
}
Event: 37.751 GC heap after
{Heap after GC invocations=61 (full 0):
 garbage-first heap   total 626688K, used 187659K [0x0000000700000000, 0x0000000800000000)
  region size 2048K, 7 young (14336K), 7 survivors (14336K)
 Metaspace       used 133531K, committed 136000K, reserved 983040K
  class space    used 18409K, committed 19584K, reserved 851968K
}
Event: 38.207 GC heap before
{Heap before GC invocations=62 (full 0):
 garbage-first heap   total 626688K, used 548107K [0x0000000700000000, 0x0000000800000000)
  region size 2048K, 183 young (374784K), 7 survivors (14336K)
 Metaspace       used 133531K, committed 136000K, reserved 983040K
  class space    used 18409K, committed 19584K, reserved 851968K
}
Event: 38.218 GC heap after
{Heap after GC invocations=63 (full 0):
 garbage-first heap   total 626688K, used 188885K [0x0000000700000000, 0x0000000800000000)
  region size 2048K, 7 young (14336K), 7 survivors (14336K)
 Metaspace       used 133531K, committed 136000K, reserved 983040K
  class space    used 18409K, committed 19584K, reserved 851968K
}
Event: 38.587 GC heap before
{Heap before GC invocations=63 (full 0):
 garbage-first heap   total 626688K, used 547285K [0x0000000700000000, 0x0000000800000000)
  region size 2048K, 183 young (374784K), 7 survivors (14336K)
 Metaspace       used 133631K, committed 136064K, reserved 983040K
  class space    used 18423K, committed 19584K, reserved 851968K
}
Event: 38.610 GC heap after
{Heap after GC invocations=64 (full 0):
 garbage-first heap   total 626688K, used 192213K [0x0000000700000000, 0x0000000800000000)
  region size 2048K, 14 young (28672K), 14 survivors (28672K)
 Metaspace       used 133631K, committed 136064K, reserved 983040K
  class space    used 18423K, committed 19584K, reserved 851968K
}
Event: 38.907 GC heap before
{Heap before GC invocations=64 (full 0):
 garbage-first heap   total 626688K, used 538325K [0x0000000700000000, 0x0000000800000000)
  region size 2048K, 183 young (374784K), 14 survivors (28672K)
 Metaspace       used 133641K, committed 136064K, reserved 983040K
  class space    used 18423K, committed 19584K, reserved 851968K
}
Event: 38.921 GC heap after
{Heap after GC invocations=65 (full 0):
 garbage-first heap   total 626688K, used 181686K [0x0000000700000000, 0x0000000800000000)
  region size 2048K, 8 young (16384K), 8 survivors (16384K)
 Metaspace       used 133641K, committed 136064K, reserved 983040K
  class space    used 18423K, committed 19584K, reserved 851968K
}
Event: 39.374 GC heap before
{Heap before GC invocations=66 (full 0):
 garbage-first heap   total 614400K, used 531894K [0x0000000700000000, 0x0000000800000000)
  region size 2048K, 180 young (368640K), 8 survivors (16384K)
 Metaspace       used 133889K, committed 136384K, reserved 983040K
  class space    used 18459K, committed 19648K, reserved 851968K
}
Event: 39.389 GC heap after
{Heap after GC invocations=67 (full 0):
 garbage-first heap   total 614400K, used 182208K [0x0000000700000000, 0x0000000800000000)
  region size 2048K, 8 young (16384K), 8 survivors (16384K)
 Metaspace       used 133889K, committed 136384K, reserved 983040K
  class space    used 18459K, committed 19648K, reserved 851968K
}
Event: 39.672 GC heap before
{Heap before GC invocations=67 (full 0):
 garbage-first heap   total 614400K, used 534464K [0x0000000700000000, 0x0000000800000000)
  region size 2048K, 180 young (368640K), 8 survivors (16384K)
 Metaspace       used 133889K, committed 136384K, reserved 983040K
  class space    used 18459K, committed 19648K, reserved 851968K
}

