# JRE version: OpenJDK Runtime Environment (21.0.10) (build 21.0.10+-14961533-b1163.108)
# Java VM: OpenJDK 64-Bit Server VM (21.0.10+-14961533-b1163.108, mixed mode, tiered, compressed oops, compressed class ptrs, g1 gc, windows-amd64)
GC Precious Log:
 CardTable entry size: 512
 Card Set container configuration: InlinePtr #cards 4 size 8 Array Of Cards #cards 16 size 48 Howl #buckets 8 coarsen threshold 3686 Howl Bitmap #cards 512 size 80 coarsen threshold 460 Card regions per heap region 1 cards per card region 4096
 CPUs: 4 total, 4 available
 Memory: 16292M
 Large Page Support: Disabled
 NUMA Support: Disabled
 Compressed Oops: Enabled (Zero based)
 Heap Region Size: 2M
 Heap Min Capacity: 8M
 Heap Initial Capacity: 256M
 Heap Max Capacity: 4G
 Pre-touch: Disabled
 Parallel Workers: 4
 Concurrent Workers: 1
 Concurrent Refinement Workers: 4
 Periodic GC: Disabled
Heap:
 garbage-first heap   total 927744K, used 453321K [0x0000000700000000, 0x0000000800000000)
  region size 2048K, 143 young (292864K), 10 survivors (20480K)
 Metaspace       used 142721K, committed 145152K, reserved 983040K
  class space    used 19926K, committed 21120K, reserved 851968K
GC Heap History (20 events):
Event: 24.005 GC heap before
{Heap before GC invocations=57 (full 0):
 garbage-first heap   total 643072K, used 524931K [0x0000000700000000, 0x0000000800000000)
  region size 2048K, 188 young (385024K), 11 survivors (22528K)
 Metaspace       used 120157K, committed 122560K, reserved 983040K
  class space    used 17064K, committed 18240K, reserved 851968K
}
Event: 24.022 GC heap after
{Heap after GC invocations=58 (full 0):
 garbage-first heap   total 643072K, used 165487K [0x0000000700000000, 0x0000000800000000)
  region size 2048K, 12 young (24576K), 12 survivors (24576K)
 Metaspace       used 120157K, committed 122560K, reserved 983040K
  class space    used 17064K, committed 18240K, reserved 851968K
}
Event: 24.418 GC heap before
{Heap before GC invocations=58 (full 0):
 garbage-first heap   total 643072K, used 525935K [0x0000000700000000, 0x0000000800000000)
  region size 2048K, 188 young (385024K), 12 survivors (24576K)
 Metaspace       used 120157K, committed 122560K, reserved 983040K
  class space    used 17064K, committed 18240K, reserved 851968K
}
Event: 24.433 GC heap after
{Heap after GC invocations=59 (full 0):
 garbage-first heap   total 643072K, used 165657K [0x0000000700000000, 0x0000000800000000)
  region size 2048K, 12 young (24576K), 12 survivors (24576K)
 Metaspace       used 120157K, committed 122560K, reserved 983040K
  class space    used 17064K, committed 18240K, reserved 851968K
}
Event: 24.734 GC heap before
{Heap before GC invocations=59 (full 0):
 garbage-first heap   total 643072K, used 524057K [0x0000000700000000, 0x0000000800000000)
  region size 2048K, 188 young (385024K), 12 survivors (24576K)
 Metaspace       used 120157K, committed 122560K, reserved 983040K
  class space    used 17064K, committed 18240K, reserved 851968K
}
Event: 24.749 GC heap after
{Heap after GC invocations=60 (full 0):
 garbage-first heap   total 643072K, used 166900K [0x0000000700000000, 0x0000000800000000)
  region size 2048K, 12 young (24576K), 12 survivors (24576K)
 Metaspace       used 120157K, committed 122560K, reserved 983040K
  class space    used 17064K, committed 18240K, reserved 851968K
}
Event: 25.030 GC heap before
{Heap before GC invocations=60 (full 0):
 garbage-first heap   total 643072K, used 525300K [0x0000000700000000, 0x0000000800000000)
  region size 2048K, 188 young (385024K), 12 survivors (24576K)
 Metaspace       used 120157K, committed 122560K, reserved 983040K
  class space    used 17064K, committed 18240K, reserved 851968K
}
Event: 25.046 GC heap after
{Heap after GC invocations=61 (full 0):
 garbage-first heap   total 772096K, used 166510K [0x0000000700000000, 0x0000000800000000)
  region size 2048K, 11 young (22528K), 11 survivors (22528K)
 Metaspace       used 120157K, committed 122560K, reserved 983040K
  class space    used 17064K, committed 18240K, reserved 851968K
}
Event: 25.432 GC heap before
{Heap before GC invocations=61 (full 0):
 garbage-first heap   total 772096K, used 606830K [0x0000000700000000, 0x0000000800000000)
  region size 2048K, 226 young (462848K), 11 survivors (22528K)
 Metaspace       used 120161K, committed 122560K, reserved 983040K
  class space    used 17064K, committed 18240K, reserved 851968K
}
Event: 25.448 GC heap after
{Heap after GC invocations=62 (full 0):
 garbage-first heap   total 772096K, used 166980K [0x0000000700000000, 0x0000000800000000)
  region size 2048K, 11 young (22528K), 11 survivors (22528K)
 Metaspace       used 120161K, committed 122560K, reserved 983040K
  class space    used 17064K, committed 18240K, reserved 851968K
}
Event: 25.758 GC heap before
{Heap before GC invocations=62 (full 0):
 garbage-first heap   total 772096K, used 605252K [0x0000000700000000, 0x0000000800000000)
  region size 2048K, 226 young (462848K), 11 survivors (22528K)
 Metaspace       used 120165K, committed 122560K, reserved 983040K
  class space    used 17064K, committed 18240K, reserved 851968K
}
Event: 25.772 GC heap after
{Heap after GC invocations=63 (full 0):
 garbage-first heap   total 772096K, used 169010K [0x0000000700000000, 0x0000000800000000)
  region size 2048K, 11 young (22528K), 11 survivors (22528K)
 Metaspace       used 120165K, committed 122560K, reserved 983040K
  class space    used 17064K, committed 18240K, reserved 851968K
}
Event: 26.101 GC heap before
{Heap before GC invocations=63 (full 0):
 garbage-first heap   total 772096K, used 607282K [0x0000000700000000, 0x0000000800000000)
  region size 2048K, 226 young (462848K), 11 survivors (22528K)
 Metaspace       used 120173K, committed 122560K, reserved 983040K
  class space    used 17064K, committed 18240K, reserved 851968K
}
Event: 26.119 GC heap after
{Heap after GC invocations=64 (full 0):
 garbage-first heap   total 772096K, used 171010K [0x0000000700000000, 0x0000000800000000)
  region size 2048K, 11 young (22528K), 11 survivors (22528K)
 Metaspace       used 120173K, committed 122560K, reserved 983040K
  class space    used 17064K, committed 18240K, reserved 851968K
}
Event: 26.399 GC heap before
{Heap before GC invocations=64 (full 0):
 garbage-first heap   total 772096K, used 611330K [0x0000000700000000, 0x0000000800000000)
  region size 2048K, 226 young (462848K), 11 survivors (22528K)
 Metaspace       used 120173K, committed 122560K, reserved 983040K
  class space    used 17064K, committed 18240K, reserved 851968K
}
Event: 26.415 GC heap after
{Heap after GC invocations=65 (full 0):
 garbage-first heap   total 927744K, used 169808K [0x0000000700000000, 0x0000000800000000)
  region size 2048K, 10 young (20480K), 10 survivors (20480K)
 Metaspace       used 120173K, committed 122560K, reserved 983040K
  class space    used 17064K, committed 18240K, reserved 851968K
}
Event: 26.779 GC heap before
{Heap before GC invocations=65 (full 0):
 garbage-first heap   total 927744K, used 704336K [0x0000000700000000, 0x0000000800000000)
  region size 2048K, 271 young (555008K), 10 survivors (20480K)
 Metaspace       used 120174K, committed 122560K, reserved 983040K
  class space    used 17064K, committed 18240K, reserved 851968K
}
Event: 26.793 GC heap after
{Heap after GC invocations=66 (full 0):
 garbage-first heap   total 927744K, used 171913K [0x0000000700000000, 0x0000000800000000)
  region size 2048K, 10 young (20480K), 10 survivors (20480K)
 Metaspace       used 120174K, committed 122560K, reserved 983040K
  class space    used 17064K, committed 18240K, reserved 851968K
}
Event: 27.314 GC heap before
{Heap before GC invocations=66 (full 0):
 garbage-first heap   total 927744K, used 704393K [0x0000000700000000, 0x0000000800000000)
  region size 2048K, 271 young (555008K), 10 survivors (20480K)
 Metaspace       used 120654K, committed 123008K, reserved 983040K
  class space    used 17160K, committed 18304K, reserved 851968K
}
Event: 27.328 GC heap after
{Heap after GC invocations=67 (full 0):
 garbage-first heap   total 927744K, used 172745K [0x0000000700000000, 0x0000000800000000)
  region size 2048K, 10 young (20480K), 10 survivors (20480K)
 Metaspace       used 120654K, committed 123008K, reserved 983040K
  class space    used 17160K, committed 18304K, reserved 851968K
}

