# JRE version: OpenJDK Runtime Environment (21.0.10) (build 21.0.10+-14961533-b1163.108)
# Java VM: OpenJDK 64-Bit Server VM (21.0.10+-14961533-b1163.108, mixed mode, tiered, compressed oops, compressed class ptrs, g1 gc, windows-amd64)
GC Precious Log:
 CardTable entry size: 512
 Card Set container configuration: InlinePtr #cards 4 size 8 Array Of Cards #cards 16 size 48 Howl #buckets 8 coarsen threshold 3686 Howl Bitmap #cards 512 size 80 coarsen threshold 460 Card regions per heap region 1 cards per card region 4096
 CPUs: 4 total, 4 available
 Memory: 16292M
 Large Page Support: Disabled
 NUMA Support: Disabled
 Compressed Oops: Enabled (Zero based)
 Heap Region Size: 2M
 Heap Min Capacity: 8M
 Heap Initial Capacity: 256M
 Heap Max Capacity: 4G
 Pre-touch: Disabled
 Parallel Workers: 4
 Concurrent Workers: 1
 Concurrent Refinement Workers: 4
 Periodic GC: Disabled
Heap:
 garbage-first heap   total 1085440K, used 717563K [0x0000000700000000, 0x0000000800000000)
  region size 2048K, 149 young (305152K), 3 survivors (6144K)
 Metaspace       used 283965K, committed 285824K, reserved 1114112K
  class space    used 36515K, committed 37440K, reserved 851968K
GC Heap History (20 events):
Event: 4257.750 GC heap before
{Heap before GC invocations=152 (full 0):
 garbage-first heap   total 983040K, used 866043K [0x0000000700000000, 0x0000000800000000)
  region size 2048K, 206 young (421888K), 5 survivors (10240K)
 Metaspace       used 267251K, committed 274240K, reserved 1114112K
  class space    used 34257K, committed 37120K, reserved 851968K
}
Event: 4257.773 GC heap after
{Heap after GC invocations=153 (full 0):
 garbage-first heap   total 983040K, used 425513K [0x0000000700000000, 0x0000000800000000)
  region size 2048K, 11 young (22528K), 11 survivors (22528K)
 Metaspace       used 267251K, committed 274240K, reserved 1114112K
  class space    used 34257K, committed 37120K, reserved 851968K
}
Event: 4258.702 GC heap before
{Heap before GC invocations=153 (full 0):
 garbage-first heap   total 983040K, used 876073K [0x0000000700000000, 0x0000000800000000)
  region size 2048K, 231 young (473088K), 11 survivors (22528K)
 Metaspace       used 267341K, committed 274240K, reserved 1114112K
  class space    used 34270K, committed 37120K, reserved 851968K
}
Event: 4258.711 GC heap after
{Heap after GC invocations=154 (full 0):
 garbage-first heap   total 983040K, used 414157K [0x0000000700000000, 0x0000000800000000)
  region size 2048K, 6 young (12288K), 6 survivors (12288K)
 Metaspace       used 267341K, committed 274240K, reserved 1114112K
  class space    used 34270K, committed 37120K, reserved 851968K
}
Event: 4260.112 GC heap before
{Heap before GC invocations=155 (full 0):
 garbage-first heap   total 983040K, used 887245K [0x0000000700000000, 0x0000000800000000)
  region size 2048K, 239 young (489472K), 6 survivors (12288K)
 Metaspace       used 267346K, committed 274240K, reserved 1114112K
  class space    used 34269K, committed 37120K, reserved 851968K
}
Event: 4260.125 GC heap after
{Heap after GC invocations=156 (full 0):
 garbage-first heap   total 983040K, used 411177K [0x0000000700000000, 0x0000000800000000)
  region size 2048K, 6 young (12288K), 6 survivors (12288K)
 Metaspace       used 267346K, committed 274240K, reserved 1114112K
  class space    used 34269K, committed 37120K, reserved 851968K
}
Event: 4260.866 GC heap before
{Heap before GC invocations=156 (full 0):
 garbage-first heap   total 983040K, used 906793K [0x0000000700000000, 0x0000000800000000)
  region size 2048K, 248 young (507904K), 6 survivors (12288K)
 Metaspace       used 267403K, committed 274240K, reserved 1114112K
  class space    used 34276K, committed 37120K, reserved 851968K
}
Event: 4260.886 GC heap after
{Heap after GC invocations=157 (full 0):
 garbage-first heap   total 983040K, used 402508K [0x0000000700000000, 0x0000000800000000)
  region size 2048K, 8 young (16384K), 8 survivors (16384K)
 Metaspace       used 267403K, committed 274240K, reserved 1114112K
  class space    used 34276K, committed 37120K, reserved 851968K
}
Event: 4261.921 GC heap before
{Heap before GC invocations=157 (full 0):
 garbage-first heap   total 983040K, used 914508K [0x0000000700000000, 0x0000000800000000)
  region size 2048K, 258 young (528384K), 8 survivors (16384K)
 Metaspace       used 267460K, committed 274240K, reserved 1114112K
  class space    used 34278K, committed 37120K, reserved 851968K
}
Event: 4261.941 GC heap after
{Heap after GC invocations=158 (full 0):
 garbage-first heap   total 983040K, used 415679K [0x0000000700000000, 0x0000000800000000)
  region size 2048K, 14 young (28672K), 14 survivors (28672K)
 Metaspace       used 267460K, committed 274240K, reserved 1114112K
  class space    used 34278K, committed 37120K, reserved 851968K
}
Event: 4265.099 GC heap before
{Heap before GC invocations=159 (full 0):
 garbage-first heap   total 983040K, used 978879K [0x0000000700000000, 0x0000000800000000)
  region size 2048K, 256 young (524288K), 14 survivors (28672K)
 Metaspace       used 267647K, committed 274304K, reserved 1114112K
  class space    used 34287K, committed 37120K, reserved 851968K
}
Event: 4265.113 GC heap after
{Heap after GC invocations=160 (full 0):
 garbage-first heap   total 993280K, used 397247K [0x0000000700000000, 0x0000000800000000)
  region size 2048K, 5 young (10240K), 5 survivors (10240K)
 Metaspace       used 267647K, committed 274304K, reserved 1114112K
  class space    used 34287K, committed 37120K, reserved 851968K
}
Event: 4475.568 GC heap before
{Heap before GC invocations=160 (full 0):
 garbage-first heap   total 993280K, used 937919K [0x0000000700000000, 0x0000000800000000)
  region size 2048K, 269 young (550912K), 5 survivors (10240K)
 Metaspace       used 267658K, committed 274304K, reserved 1114112K
  class space    used 34287K, committed 37120K, reserved 851968K
}
Event: 4475.582 GC heap after
{Heap after GC invocations=161 (full 0):
 garbage-first heap   total 993280K, used 375158K [0x0000000700000000, 0x0000000800000000)
  region size 2048K, 5 young (10240K), 5 survivors (10240K)
 Metaspace       used 267658K, committed 274304K, reserved 1114112K
  class space    used 34287K, committed 37120K, reserved 851968K
}
Event: 4542.581 GC heap before
{Heap before GC invocations=161 (full 0):
 garbage-first heap   total 993280K, used 938358K [0x0000000700000000, 0x0000000800000000)
  region size 2048K, 280 young (573440K), 5 survivors (10240K)
 Metaspace       used 267924K, committed 274304K, reserved 1114112K
  class space    used 34290K, committed 37120K, reserved 851968K
}
Event: 4542.611 GC heap after
{Heap after GC invocations=162 (full 0):
 garbage-first heap   total 993280K, used 397994K [0x0000000700000000, 0x0000000800000000)
  region size 2048K, 16 young (32768K), 16 survivors (32768K)
 Metaspace       used 267924K, committed 274304K, reserved 1114112K
  class space    used 34290K, committed 37120K, reserved 851968K
}
Event: 4550.115 GC heap before
{Heap before GC invocations=163 (full 0):
 garbage-first heap   total 993280K, used 955050K [0x0000000700000000, 0x0000000800000000)
  region size 2048K, 278 young (569344K), 16 survivors (32768K)
 Metaspace       used 283710K, committed 285504K, reserved 1114112K
  class space    used 36509K, committed 37440K, reserved 851968K
}
Event: 4550.173 GC heap after
{Heap after GC invocations=164 (full 0):
 garbage-first heap   total 1040384K, used 456065K [0x0000000700000000, 0x0000000800000000)
  region size 2048K, 35 young (71680K), 35 survivors (71680K)
 Metaspace       used 283710K, committed 285504K, reserved 1114112K
  class space    used 36509K, committed 37440K, reserved 851968K
}
Event: 4645.574 GC heap before
{Heap before GC invocations=164 (full 0):
 garbage-first heap   total 1040384K, used 1021313K [0x0000000700000000, 0x0000000800000000)
  region size 2048K, 277 young (567296K), 35 survivors (71680K)
 Metaspace       used 283928K, committed 285696K, reserved 1114112K
  class space    used 36515K, committed 37440K, reserved 851968K
}
Event: 4645.619 GC heap after
{Heap after GC invocations=165 (full 0):
 garbage-first heap   total 1085440K, used 420603K [0x0000000700000000, 0x0000000800000000)
  region size 2048K, 3 young (6144K), 3 survivors (6144K)
 Metaspace       used 283928K, committed 285696K, reserved 1114112K
  class space    used 36515K, committed 37440K, reserved 851968K
}

